[23-May-2026 05:36:46 Europe/Berlin] Session saved: Array
(
    [userID] => 13
    [firstName] => admin
    [secondName] => admin
    [phone] => +77777777777
    [email] => admin@gmail.com
    [userauth] => 1
)

[26-May-2026 00:42:48 Europe/Berlin] Session saved: Array
(
    [userID] => 13
    [firstName] => admin
    [secondName] => admin
    [phone] => +77777777777
    [email] => admin@gmail.com
    [userauth] => 1
)

[26-May-2026 00:48:40 Europe/Berlin] Session saved: Array
(
    [userID] => 13
    [firstName] => admin
    [secondName] => admin
    [phone] => +77777777777
    [email] => admin@gmail.com
    [userauth] => 1
)

[26-May-2026 00:52:25 Europe/Berlin] Session saved: Array
(
    [userID] => 13
    [firstName] => admin
    [secondName] => admin
    [phone] => +77777777777
    [email] => admin@gmail.com
    [userauth] => 1
)

[26-May-2026 00:52:47 Europe/Berlin] Session saved: Array
(
    [userID] => 13
    [firstName] => admin
    [secondName] => admin
    [phone] => +77777777777
    [email] => admin@gmail.com
    [userauth] => 1
)

[26-May-2026 00:53:24 Europe/Berlin] Session saved: Array
(
    [userID] => 13
    [firstName] => admin
    [secondName] => admin
    [phone] => +77777777777
    [email] => admin@gmail.com
    [userauth] => 1
)

[26-May-2026 00:54:45 Europe/Berlin] Session saved: Array
(
    [userID] => 13
    [firstName] => admin
    [secondName] => admin
    [phone] => +77777777777
    [email] => admin@gmail.com
    [userauth] => 1
)

[26-May-2026 00:55:41 Europe/Berlin] Session saved: Array
(
    [userID] => 13
    [firstName] => admin
    [secondName] => admin
    [phone] => +77777777777
    [email] => admin@gmail.com
    [userauth] => 1
)

[26-May-2026 00:57:04 Europe/Berlin] Session saved: Array
(
    [userID] => 13
    [firstName] => admin
    [secondName] => admin
    [phone] => +77777777777
    [email] => admin@gmail.com
    [userauth] => 1
)

[26-May-2026 01:00:48 Europe/Berlin] Session saved: Array
(
    [userID] => 13
    [firstName] => admin
    [secondName] => admin
    [phone] => +77777777777
    [email] => admin@gmail.com
    [userauth] => 1
)

[26-May-2026 01:02:18 Europe/Berlin] Session saved: Array
(
    [userID] => 13
    [firstName] => admin
    [secondName] => admin
    [phone] => +77777777777
    [email] => admin@gmail.com
    [userauth] => 1
)

[26-May-2026 01:03:08 Europe/Berlin] Session saved: Array
(
    [userID] => 13
    [firstName] => admin
    [secondName] => admin
    [phone] => +77777777777
    [email] => admin@gmail.com
    [userauth] => 1
)

[26-May-2026 01:03:37 Europe/Berlin] Session saved: Array
(
    [userID] => 13
    [firstName] => admin
    [secondName] => admin
    [phone] => +77777777777
    [email] => admin@gmail.com
    [userauth] => 1
)

[26-May-2026 01:03:52 Europe/Berlin] Session saved: Array
(
    [userID] => 13
    [firstName] => admin
    [secondName] => admin
    [phone] => +77777777777
    [email] => admin@gmail.com
    [userauth] => 1
)

[26-May-2026 09:05:11 Europe/Berlin] Session saved: Array
(
    [userID] => 13
    [firstName] => admin
    [secondName] => admin
    [phone] => +77777777777
    [email] => admin@gmail.com
    [userauth] => 1
)

[26-May-2026 09:06:17 Europe/Berlin] Session saved: Array
(
    [userID] => 13
    [firstName] => admin
    [secondName] => admin
    [phone] => +77777777777
    [email] => admin@gmail.com
    [userauth] => 1
)

[26-May-2026 10:21:34 Europe/Berlin] Session saved: Array
(
    [userID] => 16
    [firstName] => Max
    [secondName] => Brown
    [phone] => +72125552345
    [email] => brownMax@gmail.com
    [userauth] => 1
)

[26-May-2026 10:22:03 Europe/Berlin] Session saved: Array
(
    [userID] => 16
    [firstName] => Max
    [secondName] => Brown
    [phone] => +72125552345
    [email] => brownMax@gmail.com
    [userauth] => 1
)

[26-May-2026 10:23:56 Europe/Berlin] Session saved: Array
(
    [userID] => 16
    [firstName] => Max
    [secondName] => Brown
    [phone] => +72125552345
    [email] => brownMax@gmail.com
    [userauth] => 1
)

[26-May-2026 10:25:32 Europe/Berlin] Session saved: Array
(
    [userID] => 13
    [firstName] => admin
    [secondName] => admin
    [phone] => +77777777777
    [email] => admin@gmail.com
    [userauth] => 1
)

[26-May-2026 14:26:20 Europe/Berlin] Session saved: Array
(
    [userID] => 16
    [firstName] => Max
    [secondName] => Brown
    [phone] => +72125552345
    [email] => brownMax@gmail.com
    [userauth] => 1
)

[26-May-2026 14:43:33 Europe/Berlin] Session saved: Array
(
    [userID] => 13
    [firstName] => admin
    [secondName] => admin
    [phone] => +77777777777
    [email] => admin@gmail.com
    [userauth] => 1
)

[26-May-2026 14:44:23 Europe/Berlin] Session saved: Array
(
    [userID] => 16
    [firstName] => Max
    [secondName] => Brown
    [phone] => +72125552345
    [email] => brownMax@gmail.com
    [userauth] => 1
)

